Arguments: 
  C:\Program Files\nodejs\node.exe C:\Users\1207\AppData\Roaming\npm\node_modules\yarn\bin\yarn.js add next react react-dom bootstrap

PATH: 
  C:\Program Files (x86)\Common Files\Oracle\Java\javapath;C:\Windows\system32;C:\Windows;C:\Windows\System32\Wbem;C:\Windows\System32\WindowsPowerShell\v1.0\;C:\Windows\System32\OpenSSH\;C:\Program Files\Microsoft SQL Server\150\Tools\Binn\;C:\Program Files\TortoiseSVN\bin;C:\Program Files\dotnet\;C:\Program Files\Microsoft SQL Server\130\Tools\Binn\;C:\Program Files\Microsoft SQL Server\Client SDK\ODBC\170\Tools\Binn\;C:\Program Files (x86)\Microsoft SQL Server\150\DTS\Binn\;C:\Program Files\Azure Data Studio\bin;C:\Program Files\Git\cmd;C:\Program Files\nodejs\;C:\Program Files (x86)\Microsoft SQL Server\150\Tools\Binn\;C:\Program Files\Microsoft SQL Server\150\DTS\Binn\;C:\Program Files\Go\bin;C:\Users\1207\AppData\Local\Microsoft\WindowsApps;C:\Users\1207\.dotnet\tools;C:\Program Files\Azure Data Studio\bin;C:\Users\1207\AppData\Local\Programs\Microsoft VS Code\bin;C:\Users\1207\Documents\flutter\bin;C:\Gradle\gradle-7.4.1\bin;C:\Users\1207\Documents\flutter\bin\cache\dart-sdk\bin;C:\Users\1207\Documents\flutter\.pub-cache\bin;C:\Users\1207\AppData\Local\Pub\Cache\bin;C:\Users\1207\AppData\Roaming\npm;C:\Users\1207\go\bin;C:\Users\1207\AppData\Local\Google\Cloud SDK\google-cloud-sdk\bin

Yarn version: 
  1.22.18

Node version: 
  16.14.2

Platform: 
  win32 x64

Trace: 
  Error: connect ENETUNREACH 104.16.18.35:443
      at TCPConnectWrap.afterConnect [as oncomplete] (node:net:1157:16)

npm manifest: 
  {
    "name": "client",
    "version": "1.0.0",
    "description": "",
    "main": "index.js",
    "scripts": {
      "dev": "next dev",
      "build": "next build",
      "start": "next start",
      "lint": "next lint"
    },
    "keywords": [],
    "author": "",
    "license": "ISC"
  }

yarn manifest: 
  No manifest

Lockfile: 
  No lockfile
